cuda
  0%|                                                                        | 0/999 [00:00<?, ?it/s]
Traceback (most recent call last):
  File "/home/raiso/lab7-policy-based-RL/.venv/lib/python3.10/site-packages/gymnasium/envs/classic_control/pendulum.py", line 186, in render
    import pygame
ModuleNotFoundError: No module named 'pygame'

The above exception was the direct cause of the following exception:

Traceback (most recent call last):
  File "/home/raiso/lab7-policy-based-RL/a2c_pendulum.py", line 305, in <module>
    agent.train()
  File "/home/raiso/lab7-policy-based-RL/a2c_pendulum.py", line 227, in train
    self.env.render()  # Render the environment
  File "/home/raiso/lab7-policy-based-RL/.venv/lib/python3.10/site-packages/gymnasium/core.py", line 337, in render
    return self.env.render()
  File "/home/raiso/lab7-policy-based-RL/.venv/lib/python3.10/site-packages/gymnasium/wrappers/common.py", line 409, in render
    return super().render()
  File "/home/raiso/lab7-policy-based-RL/.venv/lib/python3.10/site-packages/gymnasium/core.py", line 337, in render
    return self.env.render()
  File "/home/raiso/lab7-policy-based-RL/.venv/lib/python3.10/site-packages/gymnasium/wrappers/common.py", line 301, in render
    return env_render_passive_checker(self.env)
  File "/home/raiso/lab7-policy-based-RL/.venv/lib/python3.10/site-packages/gymnasium/utils/passive_env_checker.py", line 361, in env_render_passive_checker
    result = env.render()
  File "/home/raiso/lab7-policy-based-RL/.venv/lib/python3.10/site-packages/gymnasium/envs/classic_control/pendulum.py", line 189, in render
    raise DependencyNotInstalled(
gymnasium.error.DependencyNotInstalled: pygame is not installed, run `pip install "gymnasium[classic_control]"`
